0 info it worked if it ends with ok
1 verbose cli [ '/usr/bin/nodejs',
1 verbose cli   '/usr/bin/npm',
1 verbose cli   'i',
1 verbose cli   '-g',
1 verbose cli   'eslint',
1 verbose cli   '[eslint-plugins]' ]
2 info using npm@3.10.3
3 info using node@v6.5.0
4 silly loadCurrentTree Starting
5 silly install loadCurrentTree
6 silly install readGlobalPackageData
7 silly fetchPackageMetaData eslint
8 silly fetchPackageMetaData [eslint-plugins]
9 silly fetchNamedPackageData eslint
10 silly mapToRegistry name eslint
11 silly mapToRegistry using default registry
12 silly mapToRegistry registry https://registry.npmjs.org/
13 silly mapToRegistry data Result {
13 silly mapToRegistry   raw: 'eslint',
13 silly mapToRegistry   scope: null,
13 silly mapToRegistry   escapedName: 'eslint',
13 silly mapToRegistry   name: 'eslint',
13 silly mapToRegistry   rawSpec: '',
13 silly mapToRegistry   spec: 'latest',
13 silly mapToRegistry   type: 'tag' }
14 silly mapToRegistry uri https://registry.npmjs.org/eslint
15 silly fetchOtherPackageData [eslint-plugins]
16 silly cache add args [ '[eslint-plugins]', null ]
17 verbose cache add spec [eslint-plugins]
18 silly cache add parsed spec Result {
18 silly cache add   raw: '[eslint-plugins]',
18 silly cache add   scope: null,
18 silly cache add   escapedName: null,
18 silly cache add   name: null,
18 silly cache add   rawSpec: '[eslint-plugins]',
18 silly cache add   spec: '/media/cristian33/Lucho/node/appreact/SystemVoting/SystemVoting/[eslint-plugins]',
18 silly cache add   type: 'local' }
19 error addLocal Could not install /media/cristian33/Lucho/node/appreact/SystemVoting/SystemVoting/[eslint-plugins]
20 silly fetchPackageMetaData Error: ENOENT: no such file or directory, open '/media/cristian33/Lucho/node/appreact/SystemVoting/SystemVoting/[eslint-plugins]'
20 silly fetchPackageMetaData     at Error (native)
20 silly fetchPackageMetaData  error for [eslint-plugins] { Error: ENOENT: no such file or directory, open '/media/cristian33/Lucho/node/appreact/SystemVoting/SystemVoting/[eslint-plugins]'
20 silly fetchPackageMetaData     at Error (native)
20 silly fetchPackageMetaData   errno: -2,
20 silly fetchPackageMetaData   code: 'ENOENT',
20 silly fetchPackageMetaData   syscall: 'open',
20 silly fetchPackageMetaData   path: '/media/cristian33/Lucho/node/appreact/SystemVoting/SystemVoting/[eslint-plugins]' }
21 verbose request uri https://registry.npmjs.org/eslint
22 verbose request no auth needed
23 info attempt registry request try #1 at 22:40:46
24 verbose request id 65582363229dabc1
25 verbose etag "BCKR9IC1M4EDOVTH142T1TUYM"
26 http request GET https://registry.npmjs.org/eslint
27 http 304 https://registry.npmjs.org/eslint
28 verbose headers { date: 'Wed, 19 Oct 2016 01:40:39 GMT',
28 verbose headers   via: '1.1 varnish',
28 verbose headers   'cache-control': 'max-age=300',
28 verbose headers   etag: '"BCKR9IC1M4EDOVTH142T1TUYM"',
28 verbose headers   age: '290',
28 verbose headers   connection: 'keep-alive',
28 verbose headers   'x-served-by': 'cache-gru7127-GRU',
28 verbose headers   'x-cache': 'HIT',
28 verbose headers   'x-cache-hits': '1',
28 verbose headers   'x-timer': 'S1476841239.460814,VS0,VE0',
28 verbose headers   vary: 'Accept-Encoding' }
29 silly get cb [ 304,
29 silly get   { date: 'Wed, 19 Oct 2016 01:40:39 GMT',
29 silly get     via: '1.1 varnish',
29 silly get     'cache-control': 'max-age=300',
29 silly get     etag: '"BCKR9IC1M4EDOVTH142T1TUYM"',
29 silly get     age: '290',
29 silly get     connection: 'keep-alive',
29 silly get     'x-served-by': 'cache-gru7127-GRU',
29 silly get     'x-cache': 'HIT',
29 silly get     'x-cache-hits': '1',
29 silly get     'x-timer': 'S1476841239.460814,VS0,VE0',
29 silly get     vary: 'Accept-Encoding' } ]
30 verbose etag https://registry.npmjs.org/eslint from cache
31 verbose get saving eslint to /root/.npm/registry.npmjs.org/eslint/.cache.json
32 verbose correctMkdir /root/.npm correctMkdir not in flight; initializing
33 silly rollbackFailedOptional Starting
34 silly rollbackFailedOptional Finishing
35 silly runTopLevelLifecycles Starting
36 silly runTopLevelLifecycles Finishing
37 silly install printInstalled
38 verbose stack Error: ENOENT: no such file or directory, open '/media/cristian33/Lucho/node/appreact/SystemVoting/SystemVoting/[eslint-plugins]'
38 verbose stack     at Error (native)
39 verbose cwd /media/cristian33/Lucho/node/appreact/SystemVoting/SystemVoting
40 error Linux 3.16.0-4-amd64
41 error argv "/usr/bin/nodejs" "/usr/bin/npm" "i" "-g" "eslint" "[eslint-plugins]"
42 error node v6.5.0
43 error npm  v3.10.3
44 error path /media/cristian33/Lucho/node/appreact/SystemVoting/SystemVoting/[eslint-plugins]
45 error code ENOENT
46 error errno -2
47 error syscall open
48 error enoent ENOENT: no such file or directory, open '/media/cristian33/Lucho/node/appreact/SystemVoting/SystemVoting/[eslint-plugins]'
49 error enoent ENOENT: no such file or directory, open '/media/cristian33/Lucho/node/appreact/SystemVoting/SystemVoting/[eslint-plugins]'
49 error enoent This is most likely not a problem with npm itself
49 error enoent and is related to npm not being able to find a file.
50 verbose exit [ -2, true ]
